<?xml version="1.0" encoding="UTF-8"?>
<testng-results ignored="0" total="1" passed="1" failed="0" skipped="0">
  <reporter-output>
  </reporter-output>
  <suite started-at="2024-01-10T18:40:02 IST" name="amazon.Testng" finished-at="2024-01-10T18:40:02 IST" duration-ms="59">
    <groups>
    </groups>
    <test started-at="2024-01-10T18:40:02 IST" name="Command line test" finished-at="2024-01-10T18:40:02 IST" duration-ms="59">
      <class name="amazon.Testng">
        <test-method is-config="true" signature="beforeclass()[pri:0, instance:amazon.Testng@484970b0]" started-at="2024-01-10T18:40:02 IST" name="beforeclass" finished-at="2024-01-10T18:40:02 IST" duration-ms="10" status="PASS">
          <reporter-output>
          </reporter-output>
        </test-method> <!-- beforeclass -->
        <test-method is-config="true" signature="beforemethod()[pri:0, instance:amazon.Testng@484970b0]" started-at="2024-01-10T18:40:02 IST" name="beforemethod" finished-at="2024-01-10T18:40:02 IST" duration-ms="1" status="PASS">
          <reporter-output>
          </reporter-output>
        </test-method> <!-- beforemethod -->
        <test-method signature="test()[pri:0, instance:amazon.Testng@484970b0]" started-at="2024-01-10T18:40:02 IST" name="test" finished-at="2024-01-10T18:40:02 IST" duration-ms="2" status="PASS">
          <reporter-output>
          </reporter-output>
        </test-method> <!-- test -->
        <test-method is-config="true" signature="aftermethod()[pri:0, instance:amazon.Testng@484970b0]" started-at="2024-01-10T18:40:02 IST" name="aftermethod" finished-at="2024-01-10T18:40:02 IST" duration-ms="0" status="PASS">
          <reporter-output>
          </reporter-output>
        </test-method> <!-- aftermethod -->
        <test-method is-config="true" signature="afterclass()[pri:0, instance:amazon.Testng@484970b0]" started-at="2024-01-10T18:40:02 IST" name="afterclass" finished-at="2024-01-10T18:40:02 IST" duration-ms="0" status="PASS">
          <reporter-output>
          </reporter-output>
        </test-method> <!-- afterclass -->
      </class> <!-- amazon.Testng -->
    </test> <!-- Command line test -->
  </suite> <!-- amazon.Testng -->
</testng-results>
