<?xml version="1.0" encoding="UTF-8"?>
<!-- Generated by org.testng.reporters.JUnitXMLReporter -->
<testsuite ignored="1" hostname="DESKTOP-Q6F4DSB" failures="0" tests="4" name="Test" time="35.535" errors="0" timestamp="2024-02-18T19:45:48 IST">
  <testcase classname="Test_Packages.Test123" name="test" time="0.004"/>
  <testcase classname="HRM1.Testng" name="test" time="0.001"/>
  <testcase classname="Test_Packages.TestNg" name="verifytheTitleofCurrentPage" time="0.02"/>
  <testcase classname="Test_Packages.New_TestNG" name="verifytheDesktopPage" time="0.098"/>
  <testcase classname="Test_Packages.TestNg" name="verifyFeatureLinkt" time="0.0">
    <ignored/>
  </testcase> <!-- verifyFeatureLinkt -->
</testsuite> <!-- Test -->
