<?xml version="1.0" encoding="UTF-8"?>
<!-- Generated by org.testng.reporters.JUnitXMLReporter -->
<testsuite ignored="0" hostname="DESKTOP-Q6F4DSB" failures="0" tests="3" name="FirefoxTest" time="0.264" errors="0" timestamp="2024-03-06T11:32:30 IST">
  <testcase classname="Test_Packages.TestNg" name="verifyFeatureLinkt" time="0.0">
    <skipped/>
  </testcase> <!-- verifyFeatureLinkt -->
  <testcase classname="Test_Packages.TestNg" name="verifytheTitleofCurrentPage" time="0.0">
    <skipped/>
  </testcase> <!-- verifytheTitleofCurrentPage -->
  <testcase classname="Test_Packages.New_TestNG" name="verifytheDesktopPage" time="0.0">
    <skipped/>
  </testcase> <!-- verifytheDesktopPage -->
</testsuite> <!-- FirefoxTest -->
