<?xml version="1.0" encoding="UTF-8"?>
<!-- Generated by org.testng.reporters.JUnitXMLReporter -->
<testsuite ignored="0" hostname="DESKTOP-Q6F4DSB" failures="1" tests="2" name="Test" time="50.969" errors="0" timestamp="2024-03-05T20:05:10 IST">
  <testcase classname="Test_Packages.TestNg" name="verifyFeatureLinkt" time="34.472">
    <failure type="java.lang.AssertionError" message="The following asserts failed:
	expected [https://www.messenger.com/] but found [https://www.messenger.com/features],
	expected [Messenger] but found [Messenger features]">
      <![CDATA[java.lang.AssertionError: The following asserts failed:
expected [https://www.messenger.com/] but found [https://www.messenger.com/features],
expected [Messenger] but found [Messenger features]
at Test_Packages.TestNg.verifyFeatureLinkt(TestNg.java:70)
at java.base/java.util.ArrayList.forEach(ArrayList.java:1511)
... Removed 29 stack frames]]>
    </failure>
  </testcase> <!-- verifyFeatureLinkt -->
  <testcase classname="Test_Packages.TestNg" name="verifytheTitleofCurrentPage" time="0.017"/>
</testsuite> <!-- Test -->
