<?xml version="1.0" encoding="UTF-8"?>
<!-- Generated by org.testng.reporters.JUnitXMLReporter -->
<testsuite ignored="0" hostname="DESKTOP-Q6F4DSB" failures="0" tests="5" name="Test" time="63.297" errors="0" timestamp="2024-02-18T14:02:54 IST">
  <testcase classname="Test_Packages.Test123" name="test" time="0.004"/>
  <testcase classname="HRM1.Testng" name="test" time="0.002"/>
  <testcase classname="Test_Packages.TestNg" name="verifyFeatureLinkt" time="27.813"/>
  <testcase classname="Test_Packages.TestNg" name="verifytheTitleofCurrentPage" time="0.035"/>
  <testcase classname="Test_Packages.New_TestNG" name="verifytheDesktopPage" time="0.163"/>
</testsuite> <!-- Test -->
